#
# There is insufficient memory for the Java Runtime Environment to continue.
# Native memory allocation (mmap) failed to map 134217728 bytes for G1 virtual space
# Possible reasons:
#   The system is out of physical RAM or swap space
#   The process is running with CompressedOops enabled, and the Java Heap may be blocking the growth of the native heap
# Possible solutions:
#   Reduce memory load on the system
#   Increase physical memory or swap space
#   Check if swap backing store is full
#   Decrease Java heap size (-Xmx/-Xms)
#   Decrease number of Java threads
#   Decrease Java thread stack sizes (-Xss)
#   Set larger code cache with -XX:ReservedCodeCacheSize=
#   JVM is running with Unscaled Compressed Oops mode in which the Java heap is
#     placed in the first 4GB address space. The Java Heap base address is the
#     maximum limit for the native heap growth. Please use -XX:HeapBaseMinAddress
#     to set the Java Heap base and to place the Java Heap above 4GB virtual address.
# This output file may be truncated or incomplete.
#
#  Out of Memory Error (os_windows.cpp:3557), pid=23124, tid=15176
#
# JRE version:  (17.0.6+10) (build )
# Java VM: OpenJDK 64-Bit Server VM (17.0.6+10, mixed mode, sharing, tiered, compressed oops, compressed class ptrs, g1 gc, windows-amd64)
# No core dump will be written. Minidumps are not enabled by default on client versions of Windows
#

---------------  S U M M A R Y ------------

Command Line: -Dfile.encoding=UTF-8 -XX:+ShowCodeDetailsInExceptionMessages Principal

Host: Intel(R) Core(TM) i3-9100F CPU @ 3.60GHz, 4 cores, 7G,  Windows 10 , 64 bit Build 19041 (10.0.19041.2788)
Time: Wed Apr 12 13:54:04 2023 Hora de verano romance elapsed time: 0.009820 seconds (0d 0h 0m 0s)

---------------  T H R E A D  ---------------

Current thread (0x0000018395ca6320):  JavaThread "Unknown thread" [_thread_in_vm, id=15176, stack(0x0000002b60100000,0x0000002b60200000)]

Stack: [0x0000002b60100000,0x0000002b60200000]
Native frames: (J=compiled Java code, j=interpreted, Vv=VM code, C=native code)
V  [jvm.dll+0x67741a]
V  [jvm.dll+0x834434]
V  [jvm.dll+0x835bde]
V  [jvm.dll+0x836243]
V  [jvm.dll+0x2457b5]
V  [jvm.dll+0x674329]
V  [jvm.dll+0x6689da]
V  [jvm.dll+0x30489b]
V  [jvm.dll+0x30bd96]
V  [jvm.dll+0x35b57e]
V  [jvm.dll+0x35b7af]
V  [jvm.dll+0x2db778]
V  [jvm.dll+0x2dc6e4]
V  [jvm.dll+0x806131]
V  [jvm.dll+0x369331]
V  [jvm.dll+0x7e56ac]
V  [jvm.dll+0x3eb35f]
V  [jvm.dll+0x3ecea1]
C  [jli.dll+0x5267]
C  [ucrtbase.dll+0x21bb2]
C  [KERNEL32.DLL+0x17604]
C  [ntdll.dll+0x526a1]


---------------  P R O C E S S  ---------------

Threads class SMR info:
_java_thread_list=0x00007ffc1fa75fd8, length=0, elements={
}

Java Threads: ( => current thread )

Other Threads:
  0x0000018395d00d80 GCTaskThread "GC Thread#0" [stack: 0x0000002b60200000,0x0000002b60300000] [id=23908]
  0x0000018395d122a0 ConcurrentGCThread "G1 Main Marker" [stack: 0x0000002b60300000,0x0000002b60400000] [id=25472]
  0x0000018395d12cb0 ConcurrentGCThread "G1 Conc#0" [stack: 0x0000002b60400000,0x0000002b60500000] [id=24992]

[error occurred during error reporting (printing all threads), id 0xc0000005, EXCEPTION_ACCESS_VIOLATION (0xc0000005) at pc=0x00007ffc1f24c1e7]

VM state: not at safepoint (not fully initialized)

VM Mutex/Monitor currently owned by a thread:  ([mutex/lock_event])
[0x0000018395ca07c0] Heap_lock - owner thread: 0x0000018395ca6320

Heap address: 0x0000000080e00000, size: 2034 MB, Compressed Oops mode: 32-bit

CDS archive(s) mapped at: [0x0000000000000000-0x0000000000000000-0x0000000000000000), size 0, SharedBaseAddress: 0x0000000800000000, ArchiveRelocationMode: 0.
Narrow klass base: 0x0000000000000000, Narrow klass shift: 0, Narrow klass range: 0x0

GC Precious Log:
<Empty>

Heap:
 garbage-first heap   total 0K, used 0K [0x0000000080e00000, 0x0000000100000000)
  region size 1024K, 0 young (0K), 0 survivors (0K)

[error occurred during error reporting (printing heap information), id 0xc0000005, EXCEPTION_ACCESS_VIOLATION (0xc0000005) at pc=0x00007ffc1f6306f9]

GC Heap History (0 events):
No events

Dll operation events (1 events):
Event: 0.007 Loaded shared library C:\Users\PC6-5\.p2\pool\plugins\org.eclipse.justj.openjdk.hotspot.jre.full.win32.x86_64_17.0.6.v20230204-1729\jre\bin\java.dll

Deoptimization events (0 events):
No events

Classes unloaded (0 events):
No events

Classes redefined (0 events):
No events

Internal exceptions (0 events):
No events

VM Operations (0 events):
No events

Events (0 events):
No events


Dynamic libraries:
0x00007ff7ea4d0000 - 0x00007ff7ea4de000 	C:\Users\PC6-5\.p2\pool\plugins\org.eclipse.justj.openjdk.hotspot.jre.full.win32.x86_64_17.0.6.v20230204-1729\jre\bin\javaw.exe
0x00007ffc7cdb0000 - 0x00007ffc7cfa8000 	C:\WINDOWS\SYSTEM32\ntdll.dll
0x00007ffc7c9a0000 - 0x00007ffc7ca5f000 	C:\WINDOWS\System32\KERNEL32.DLL
0x00007ffc7a6f0000 - 0x00007ffc7a9ca000 	C:\WINDOWS\System32\KERNELBASE.dll
0x00007ffc7a9d0000 - 0x00007ffc7aad0000 	C:\WINDOWS\System32\ucrtbase.dll
0x00007ffc6f7c0000 - 0x00007ffc6f7d7000 	C:\Users\PC6-5\.p2\pool\plugins\org.eclipse.justj.openjdk.hotspot.jre.full.win32.x86_64_17.0.6.v20230204-1729\jre\bin\jli.dll
0x00007ffc7c010000 - 0x00007ffc7c1ad000 	C:\WINDOWS\System32\USER32.dll
0x00007ffc7ac80000 - 0x00007ffc7aca2000 	C:\WINDOWS\System32\win32u.dll
0x00007ffc7cac0000 - 0x00007ffc7caeb000 	C:\WINDOWS\System32\GDI32.dll
0x00007ffc7aad0000 - 0x00007ffc7abe0000 	C:\WINDOWS\System32\gdi32full.dll
0x00007ffc7a4c0000 - 0x00007ffc7a55d000 	C:\WINDOWS\System32\msvcp_win.dll
0x00007ffc67e60000 - 0x00007ffc67e79000 	C:\Users\PC6-5\.p2\pool\plugins\org.eclipse.justj.openjdk.hotspot.jre.full.win32.x86_64_17.0.6.v20230204-1729\jre\bin\VCRUNTIME140.dll
0x00007ffc73130000 - 0x00007ffc733ca000 	C:\WINDOWS\WinSxS\amd64_microsoft.windows.common-controls_6595b64144ccf1df_6.0.19041.1110_none_60b5254171f9507e\COMCTL32.dll
0x00007ffc7afc0000 - 0x00007ffc7b05e000 	C:\WINDOWS\System32\msvcrt.dll
0x00007ffc7cb60000 - 0x00007ffc7cb90000 	C:\WINDOWS\System32\IMM32.DLL
0x00007ffc70320000 - 0x00007ffc7032c000 	C:\Users\PC6-5\.p2\pool\plugins\org.eclipse.justj.openjdk.hotspot.jre.full.win32.x86_64_17.0.6.v20230204-1729\jre\bin\vcruntime140_1.dll
0x00007ffc64970000 - 0x00007ffc64a01000 	C:\Users\PC6-5\.p2\pool\plugins\org.eclipse.justj.openjdk.hotspot.jre.full.win32.x86_64_17.0.6.v20230204-1729\jre\bin\msvcp140.dll
0x00007ffc1ef60000 - 0x00007ffc1fba7000 	C:\Users\PC6-5\.p2\pool\plugins\org.eclipse.justj.openjdk.hotspot.jre.full.win32.x86_64_17.0.6.v20230204-1729\jre\bin\server\jvm.dll
0x00007ffc7cb90000 - 0x00007ffc7cc3e000 	C:\WINDOWS\System32\ADVAPI32.dll
0x00007ffc7b210000 - 0x00007ffc7b2ac000 	C:\WINDOWS\System32\sechost.dll
0x00007ffc7c290000 - 0x00007ffc7c3b6000 	C:\WINDOWS\System32\RPCRT4.dll
0x00007ffc75ab0000 - 0x00007ffc75ab9000 	C:\WINDOWS\SYSTEM32\WSOCK32.dll
0x00007ffc7caf0000 - 0x00007ffc7cb5b000 	C:\WINDOWS\System32\WS2_32.dll
0x00007ffc6b920000 - 0x00007ffc6b947000 	C:\WINDOWS\SYSTEM32\WINMM.dll
0x00007ffc75150000 - 0x00007ffc7515a000 	C:\WINDOWS\SYSTEM32\VERSION.dll
0x00007ffc783a0000 - 0x00007ffc783b2000 	C:\WINDOWS\SYSTEM32\kernel.appcore.dll
0x00007ffc71a80000 - 0x00007ffc71a8a000 	C:\Users\PC6-5\.p2\pool\plugins\org.eclipse.justj.openjdk.hotspot.jre.full.win32.x86_64_17.0.6.v20230204-1729\jre\bin\jimage.dll
0x00007ffc744f0000 - 0x00007ffc746d4000 	C:\WINDOWS\SYSTEM32\DBGHELP.DLL
0x00007ffc74080000 - 0x00007ffc740b4000 	C:\WINDOWS\SYSTEM32\dbgcore.DLL
0x00007ffc7a560000 - 0x00007ffc7a5e2000 	C:\WINDOWS\System32\bcryptPrimitives.dll
0x00007ffc70400000 - 0x00007ffc70425000 	C:\Users\PC6-5\.p2\pool\plugins\org.eclipse.justj.openjdk.hotspot.jre.full.win32.x86_64_17.0.6.v20230204-1729\jre\bin\java.dll

dbghelp: loaded successfully - version: 4.0.5 - missing functions: none
symbol engine: initialized successfully - sym options: 0x614 - pdb path: .;C:\Users\PC6-5\.p2\pool\plugins\org.eclipse.justj.openjdk.hotspot.jre.full.win32.x86_64_17.0.6.v20230204-1729\jre\bin;C:\WINDOWS\SYSTEM32;C:\WINDOWS\WinSxS\amd64_microsoft.windows.common-controls_6595b64144ccf1df_6.0.19041.1110_none_60b5254171f9507e;C:\Users\PC6-5\.p2\pool\plugins\org.eclipse.justj.openjdk.hotspot.jre.full.win32.x86_64_17.0.6.v20230204-1729\jre\bin\server

VM Arguments:
jvm_args: -Dfile.encoding=UTF-8 -XX:+ShowCodeDetailsInExceptionMessages 
java_command: Principal
java_class_path (initial): C:\Users\PC6-5\eclipse-workspace\Swing\bin
Launcher Type: SUN_STANDARD

[Global flags]
     intx CICompilerCount                          = 3                                         {product} {ergonomic}
     uint ConcGCThreads                            = 1                                         {product} {ergonomic}
     uint G1ConcRefinementThreads                  = 4                                         {product} {ergonomic}
   size_t G1HeapRegionSize                         = 1048576                                   {product} {ergonomic}
    uintx GCDrainStackTargetSize                   = 64                                        {product} {ergonomic}
   size_t InitialHeapSize                          = 134217728                                 {product} {ergonomic}
   size_t MarkStackSize                            = 4194304                                   {product} {ergonomic}
   size_t MaxHeapSize                              = 2132803584                                {product} {ergonomic}
   size_t MinHeapDeltaBytes                        = 1048576                                   {product} {ergonomic}
   size_t MinHeapSize                              = 8388608                                   {product} {ergonomic}
    uintx NonNMethodCodeHeapSize                   = 5832780                                {pd product} {ergonomic}
    uintx NonProfiledCodeHeapSize                  = 122912730                              {pd product} {ergonomic}
    uintx ProfiledCodeHeapSize                     = 122912730                              {pd product} {ergonomic}
    uintx ReservedCodeCacheSize                    = 251658240                              {pd product} {ergonomic}
     bool SegmentedCodeCache                       = true                                      {product} {ergonomic}
     bool ShowCodeDetailsInExceptionMessages       = true                                   {manageable} {command line}
   size_t SoftMaxHeapSize                          = 2132803584                             {manageable} {ergonomic}
     bool UseCompressedClassPointers               = true                           {product lp64_product} {ergonomic}
     bool UseCompressedOops                        = true                           {product lp64_product} {ergonomic}
     bool UseG1GC                                  = true                                      {product} {ergonomic}
     bool UseLargePagesIndividualAllocation        = false                                  {pd product} {ergonomic}

Logging:
Log output configuration:
 #0: stdout all=warning uptime,level,tags
 #1: stderr all=off uptime,level,tags

Environment Variables:
PATH=C:/Users/PC6-5/.p2/pool/plugins/org.eclipse.justj.openjdk.hotspot.jre.full.win32.x86_64_17.0.6.v20230204-1729/jre/bin/server;C:/Users/PC6-5/.p2/pool/plugins/org.eclipse.justj.openjdk.hotspot.jre.full.win32.x86_64_17.0.6.v20230204-1729/jre/bin;C:\WINDOWS\system32;C:\WINDOWS;C:\WINDOWS\System32\Wbem;C:\WINDOWS\System32\WindowsPowerShell\v1.0\;C:\WINDOWS\System32\OpenSSH\;C:\Users\PC6-5\AppData\Local\Microsoft\WindowsApps;;C:\Users\PC6-5\Desktop;
USERNAME=PC6-5
OS=Windows_NT
PROCESSOR_IDENTIFIER=Intel64 Family 6 Model 158 Stepping 10, GenuineIntel
TMP=C:\Users\PC6-5\AppData\Local\Temp
TEMP=C:\Users\PC6-5\AppData\Local\Temp



---------------  S Y S T E M  ---------------

OS:
 Windows 10 , 64 bit Build 19041 (10.0.19041.2788)
OS uptime: 0 days 5:02 hours

CPU: total 4 (initial active 4) (4 cores per cpu, 1 threads per core) family 6 model 158 stepping 10 microcode 0xb4, cx8, cmov, fxsr, mmx, 3dnowpref, sse, sse2, sse3, ssse3, sse4.1, sse4.2, popcnt, lzcnt, tsc, tscinvbit, avx, avx2, aes, erms, clmul, bmi1, bmi2, adx, fma, vzeroupper, clflush, clflushopt

Memory: 4k page, system-wide physical 8134M (758M free)
TotalPageFile size 32710M (AvailPageFile size 96M)
current process WorkingSet (physical memory assigned to process): 9M, peak: 9M
current process commit charge ("private bytes"): 51M, peak: 179M

vm_info: OpenJDK 64-Bit Server VM (17.0.6+10) for windows-amd64 JRE (17.0.6+10), built on Jan 18 2023 10:08:59 by "temurin" with MS VC++ 16.7 (VS2019)

END.
