#
# There is insufficient memory for the Java Runtime Environment to continue.
# Native memory allocation (mmap) failed to map 134217728 bytes for G1 virtual space
# Possible reasons:
#   The system is out of physical RAM or swap space
#   The process is running with CompressedOops enabled, and the Java Heap may be blocking the growth of the native heap
# Possible solutions:
#   Reduce memory load on the system
#   Increase physical memory or swap space
#   Check if swap backing store is full
#   Decrease Java heap size (-Xmx/-Xms)
#   Decrease number of Java threads
#   Decrease Java thread stack sizes (-Xss)
#   Set larger code cache with -XX:ReservedCodeCacheSize=
#   JVM is running with Unscaled Compressed Oops mode in which the Java heap is
#     placed in the first 4GB address space. The Java Heap base address is the
#     maximum limit for the native heap growth. Please use -XX:HeapBaseMinAddress
#     to set the Java Heap base and to place the Java Heap above 4GB virtual address.
# This output file may be truncated or incomplete.
#
#  Out of Memory Error (os_windows.cpp:3541), pid=7176, tid=22308
#
# JRE version:  (17.0.4.1+1) (build )
# Java VM: OpenJDK 64-Bit Server VM (17.0.4.1+1, mixed mode, sharing, tiered, compressed oops, compressed class ptrs, g1 gc, windows-amd64)
# No core dump will be written. Minidumps are not enabled by default on client versions of Windows
#

---------------  S U M M A R Y ------------

Command Line: -Dfile.encoding=UTF-8 -XX:+ShowCodeDetailsInExceptionMessages Principal

Host: Intel(R) Core(TM) i5-7400 CPU @ 3.00GHz, 4 cores, 7G,  Windows 10 , 64 bit Build 19041 (10.0.19041.1889)
Time: Thu Apr 13 01:44:32 2023 Hora de verano romance elapsed time: 0.015906 seconds (0d 0h 0m 0s)

---------------  T H R E A D  ---------------

Current thread (0x000001a2b7dae350):  JavaThread "Unknown thread" [_thread_in_vm, id=22308, stack(0x000000222b800000,0x000000222b900000)]

Stack: [0x000000222b800000,0x000000222b900000]
Native frames: (J=compiled Java code, j=interpreted, Vv=VM code, C=native code)
V  [jvm.dll+0x67731a]
V  [jvm.dll+0x832284]
V  [jvm.dll+0x833a2e]
V  [jvm.dll+0x834093]
V  [jvm.dll+0x245775]
V  [jvm.dll+0x674209]
V  [jvm.dll+0x668a92]
V  [jvm.dll+0x30471b]
V  [jvm.dll+0x30bc66]
V  [jvm.dll+0x35ba9e]
V  [jvm.dll+0x35bccf]
V  [jvm.dll+0x2db5b8]
V  [jvm.dll+0x2dc524]
V  [jvm.dll+0x803db1]
V  [jvm.dll+0x3698f1]
V  [jvm.dll+0x7e31bc]
V  [jvm.dll+0x3ec25f]
V  [jvm.dll+0x3edde1]
C  [jli.dll+0x5277]
C  [ucrtbase.dll+0x21bb2]
C  [KERNEL32.DLL+0x17034]
C  [ntdll.dll+0x526a1]


---------------  P R O C E S S  ---------------

Threads class SMR info:
_java_thread_list=0x00007ff9738b4e98, length=0, elements={
}

Java Threads: ( => current thread )

Other Threads:
  0x000001a2b7e07c20 GCTaskThread "GC Thread#0" [stack: 0x000000222b900000,0x000000222ba00000] [id=21704]
  0x000001a2b7e1a1d0 ConcurrentGCThread "G1 Main Marker" [stack: 0x000000222ba00000,0x000000222bb00000] [id=15340]
  0x000001a2b7e1abe0 ConcurrentGCThread "G1 Conc#0" [stack: 0x000000222bb00000,0x000000222bc00000] [id=22220]

[error occurred during error reporting (printing all threads), id 0xc0000005, EXCEPTION_ACCESS_VIOLATION (0xc0000005) at pc=0x00007ff97308c047]

VM state: not at safepoint (not fully initialized)

VM Mutex/Monitor currently owned by a thread:  ([mutex/lock_event])
[0x000001a2b7da8560] Heap_lock - owner thread: 0x000001a2b7dae350

Heap address: 0x0000000080a00000, size: 2038 MB, Compressed Oops mode: 32-bit

CDS archive(s) mapped at: [0x0000000000000000-0x0000000000000000-0x0000000000000000), size 0, SharedBaseAddress: 0x0000000800000000, ArchiveRelocationMode: 0.
Narrow klass base: 0x0000000000000000, Narrow klass shift: 0, Narrow klass range: 0x0

GC Precious Log:
<Empty>

Heap:
 garbage-first heap   total 0K, used 0K [0x0000000080a00000, 0x0000000100000000)
  region size 1024K, 0 young (0K), 0 survivors (0K)

[error occurred during error reporting (printing heap information), id 0xc0000005, EXCEPTION_ACCESS_VIOLATION (0xc0000005) at pc=0x00007ff973470699]

GC Heap History (0 events):
No events

Deoptimization events (0 events):
No events

Classes unloaded (0 events):
No events

Classes redefined (0 events):
No events

Internal exceptions (0 events):
No events

VM Operations (0 events):
No events

Events (1 events):
Event: 0.009 Loaded shared library C:\Users\Caco\.p2\pool\plugins\org.eclipse.justj.openjdk.hotspot.jre.full.win32.x86_64_17.0.4.v20220903-1038\jre\bin\java.dll


Dynamic libraries:
0x00007ff7cd830000 - 0x00007ff7cd83e000 	C:\Users\Caco\.p2\pool\plugins\org.eclipse.justj.openjdk.hotspot.jre.full.win32.x86_64_17.0.4.v20220903-1038\jre\bin\javaw.exe
0x00007ff9dc7f0000 - 0x00007ff9dc9e8000 	C:\WINDOWS\SYSTEM32\ntdll.dll
0x00007ff9db8e0000 - 0x00007ff9db99d000 	C:\WINDOWS\System32\KERNEL32.DLL
0x00007ff9da580000 - 0x00007ff9da84e000 	C:\WINDOWS\System32\KERNELBASE.dll
0x00007ff9da430000 - 0x00007ff9da530000 	C:\WINDOWS\System32\ucrtbase.dll
0x00007ff9d4470000 - 0x00007ff9d4489000 	C:\Users\Caco\.p2\pool\plugins\org.eclipse.justj.openjdk.hotspot.jre.full.win32.x86_64_17.0.4.v20220903-1038\jre\bin\VCRUNTIME140.dll
0x00007ff9d5d90000 - 0x00007ff9d5da8000 	C:\Users\Caco\.p2\pool\plugins\org.eclipse.justj.openjdk.hotspot.jre.full.win32.x86_64_17.0.4.v20220903-1038\jre\bin\jli.dll
0x00007ff9db730000 - 0x00007ff9db8d0000 	C:\WINDOWS\System32\USER32.dll
0x00007ff9da160000 - 0x00007ff9da182000 	C:\WINDOWS\System32\win32u.dll
0x00007ff9ce650000 - 0x00007ff9ce8ea000 	C:\WINDOWS\WinSxS\amd64_microsoft.windows.common-controls_6595b64144ccf1df_6.0.19041.1110_none_60b5254171f9507e\COMCTL32.dll
0x00007ff9dbba0000 - 0x00007ff9dbbca000 	C:\WINDOWS\System32\GDI32.dll
0x00007ff9dbc00000 - 0x00007ff9dbc9e000 	C:\WINDOWS\System32\msvcrt.dll
0x00007ff9da020000 - 0x00007ff9da12b000 	C:\WINDOWS\System32\gdi32full.dll
0x00007ff9d9f10000 - 0x00007ff9d9fad000 	C:\WINDOWS\System32\msvcp_win.dll
0x00007ff9dbb70000 - 0x00007ff9dbba0000 	C:\WINDOWS\System32\IMM32.DLL
0x00007ff9d5e10000 - 0x00007ff9d5e1c000 	C:\Users\Caco\.p2\pool\plugins\org.eclipse.justj.openjdk.hotspot.jre.full.win32.x86_64_17.0.4.v20220903-1038\jre\bin\vcruntime140_1.dll
0x00007ff9b50f0000 - 0x00007ff9b5181000 	C:\Users\Caco\.p2\pool\plugins\org.eclipse.justj.openjdk.hotspot.jre.full.win32.x86_64_17.0.4.v20220903-1038\jre\bin\msvcp140.dll
0x00007ff972da0000 - 0x00007ff9739e6000 	C:\Users\Caco\.p2\pool\plugins\org.eclipse.justj.openjdk.hotspot.jre.full.win32.x86_64_17.0.4.v20220903-1038\jre\bin\server\jvm.dll
0x00007ff9dac30000 - 0x00007ff9dacde000 	C:\WINDOWS\System32\ADVAPI32.dll
0x00007ff9db9a0000 - 0x00007ff9dba3c000 	C:\WINDOWS\System32\sechost.dll
0x00007ff9dba40000 - 0x00007ff9dbb65000 	C:\WINDOWS\System32\RPCRT4.dll
0x00007ff9dbbf0000 - 0x00007ff9dbbf8000 	C:\WINDOWS\System32\PSAPI.DLL
0x00007ff9d4750000 - 0x00007ff9d4759000 	C:\WINDOWS\SYSTEM32\WSOCK32.dll
0x00007ff9dc4d0000 - 0x00007ff9dc53b000 	C:\WINDOWS\System32\WS2_32.dll
0x00007ff9d2b80000 - 0x00007ff9d2ba7000 	C:\WINDOWS\SYSTEM32\WINMM.dll
0x00007ff9d3490000 - 0x00007ff9d349a000 	C:\WINDOWS\SYSTEM32\VERSION.dll
0x00007ff9d7e20000 - 0x00007ff9d7e32000 	C:\WINDOWS\SYSTEM32\kernel.appcore.dll
0x00007ff9d4740000 - 0x00007ff9d474a000 	C:\Users\Caco\.p2\pool\plugins\org.eclipse.justj.openjdk.hotspot.jre.full.win32.x86_64_17.0.4.v20220903-1038\jre\bin\jimage.dll
0x00007ff9ca560000 - 0x00007ff9ca744000 	C:\WINDOWS\SYSTEM32\DBGHELP.DLL
0x00007ff9b1440000 - 0x00007ff9b146c000 	C:\WINDOWS\SYSTEM32\dbgcore.DLL
0x00007ff9da240000 - 0x00007ff9da2c2000 	C:\WINDOWS\System32\bcryptPrimitives.dll
0x00007ff9d3780000 - 0x00007ff9d37a5000 	C:\Users\Caco\.p2\pool\plugins\org.eclipse.justj.openjdk.hotspot.jre.full.win32.x86_64_17.0.4.v20220903-1038\jre\bin\java.dll

dbghelp: loaded successfully - version: 4.0.5 - missing functions: none
symbol engine: initialized successfully - sym options: 0x614 - pdb path: .;C:\Users\Caco\.p2\pool\plugins\org.eclipse.justj.openjdk.hotspot.jre.full.win32.x86_64_17.0.4.v20220903-1038\jre\bin;C:\WINDOWS\SYSTEM32;C:\WINDOWS\WinSxS\amd64_microsoft.windows.common-controls_6595b64144ccf1df_6.0.19041.1110_none_60b5254171f9507e;C:\Users\Caco\.p2\pool\plugins\org.eclipse.justj.openjdk.hotspot.jre.full.win32.x86_64_17.0.4.v20220903-1038\jre\bin\server

VM Arguments:
jvm_args: -Dfile.encoding=UTF-8 -XX:+ShowCodeDetailsInExceptionMessages 
java_command: Principal
java_class_path (initial): D:\Users\Caco\eclipse-workspace\Swing\bin
Launcher Type: SUN_STANDARD

[Global flags]
     intx CICompilerCount                          = 3                                         {product} {ergonomic}
     uint ConcGCThreads                            = 1                                         {product} {ergonomic}
     uint G1ConcRefinementThreads                  = 4                                         {product} {ergonomic}
   size_t G1HeapRegionSize                         = 1048576                                   {product} {ergonomic}
    uintx GCDrainStackTargetSize                   = 64                                        {product} {ergonomic}
   size_t InitialHeapSize                          = 134217728                                 {product} {ergonomic}
   size_t MarkStackSize                            = 4194304                                   {product} {ergonomic}
   size_t MaxHeapSize                              = 2136997888                                {product} {ergonomic}
   size_t MinHeapDeltaBytes                        = 1048576                                   {product} {ergonomic}
   size_t MinHeapSize                              = 8388608                                   {product} {ergonomic}
    uintx NonNMethodCodeHeapSize                   = 5832780                                {pd product} {ergonomic}
    uintx NonProfiledCodeHeapSize                  = 122912730                              {pd product} {ergonomic}
    uintx ProfiledCodeHeapSize                     = 122912730                              {pd product} {ergonomic}
    uintx ReservedCodeCacheSize                    = 251658240                              {pd product} {ergonomic}
     bool SegmentedCodeCache                       = true                                      {product} {ergonomic}
     bool ShowCodeDetailsInExceptionMessages       = true                                   {manageable} {command line}
   size_t SoftMaxHeapSize                          = 2136997888                             {manageable} {ergonomic}
     bool UseCompressedClassPointers               = true                           {product lp64_product} {ergonomic}
     bool UseCompressedOops                        = true                           {product lp64_product} {ergonomic}
     bool UseG1GC                                  = true                                      {product} {ergonomic}
     bool UseLargePagesIndividualAllocation        = false                                  {pd product} {ergonomic}

Logging:
Log output configuration:
 #0: stdout all=warning uptime,level,tags
 #1: stderr all=off uptime,level,tags

Environment Variables:
PATH=C:/Users/Caco/.p2/pool/plugins/org.eclipse.justj.openjdk.hotspot.jre.full.win32.x86_64_17.0.4.v20220903-1038/jre/bin/server;C:/Users/Caco/.p2/pool/plugins/org.eclipse.justj.openjdk.hotspot.jre.full.win32.x86_64_17.0.4.v20220903-1038/jre/bin;C:\Program Files\Common Files\Oracle\Java\javapath;C:\Program Files (x86)\Common Files\Intel\Shared Libraries\redist\intel64\compiler;C:\Program Files (x86)\Common Files\Oracle\Java\javapath;C:\Windows\system32;C:\Windows;C:\Windows\System32\Wbem;C:\Windows\System32\WindowsPowerShell\v1.0\;C:\Windows\System32\OpenSSH\;C:\Program Files\NVIDIA Corporation\NVIDIA NvDLISR;C:\Program Files (x86)\NVIDIA Corporation\PhysX\Common;C:\WINDOWS\system32;C:\WINDOWS;C:\WINDOWS\System32\Wbem;C:\WINDOWS\System32\WindowsPowerShell\v1.0\;C:\WINDOWS\System32\OpenSSH\;D:\Program Files\AutoFirma\AutoFirma;C:\Program Files\dotnet\;C:\Users\Caco\AppData\Local\Microsoft\WindowsApps;;D:\Users\Caco\AppData\Local\Programs\Microsoft VS Code\bin;D:\Program Files\JetBrains\IntelliJ IDEA Community Edition 2022.2.3\bin;;C:\WINDOWS\system32;
USERNAME=Caco
OS=Windows_NT
PROCESSOR_IDENTIFIER=Intel64 Family 6 Model 158 Stepping 9, GenuineIntel
TMP=C:\Users\Caco\AppData\Local\Temp
TEMP=C:\Users\Caco\AppData\Local\Temp



---------------  S Y S T E M  ---------------

OS:
 Windows 10 , 64 bit Build 19041 (10.0.19041.1889)
OS uptime: 0 days 7:31 hours

CPU: total 4 (initial active 4) (4 cores per cpu, 1 threads per core) family 6 model 158 stepping 9 microcode 0xb4, cx8, cmov, fxsr, mmx, 3dnowpref, sse, sse2, sse3, ssse3, sse4.1, sse4.2, popcnt, lzcnt, tsc, tscinvbit, avx, avx2, aes, erms, clmul, bmi1, bmi2, adx, fma, vzeroupper, clflush, clflushopt

Memory: 4k page, system-wide physical 8150M (569M free)
TotalPageFile size 22298M (AvailPageFile size 110M)
current process WorkingSet (physical memory assigned to process): 10M, peak: 10M
current process commit charge ("private bytes"): 51M, peak: 179M

vm_info: OpenJDK 64-Bit Server VM (17.0.4.1+1) for windows-amd64 JRE (17.0.4.1+1), built on Aug 17 2022 07:42:43 by "temurin" with MS VC++ 16.7 (VS2019)

END.
